2024-02-09 15:02:567 INFO  HomePage :37 - Accept all cookies[[ChromeDriver: chrome on windows (0c2da0f97dd3e913e5ca5d220c6c3973)] -> xpath: //button[@id='onetrust-accept-btn-handler']]
2024-02-09 15:02:108 INFO  HomePage :32 - Click on Search vacancies[[ChromeDriver: chrome on windows (0c2da0f97dd3e913e5ca5d220c6c3973)] -> xpath: //div[@class='sc-138w2lj-0 kpPeQG sc-1ksyyhq-0 sc-b6ui4x-17']/div[3]/a[2]/span]
2024-02-09 15:02:223 INFO  VacanciesPage :51 - EnterReinsurance Managerto Keyword field [[ChromeDriver: chrome on windows (0c2da0f97dd3e913e5ca5d220c6c3973)] -> name: keywords]
2024-02-09 15:02:353 INFO  VacanciesPage :56 - Enter Londonfrom Town field [[ChromeDriver: chrome on windows (0c2da0f97dd3e913e5ca5d220c6c3973)] -> id: LOV118]
2024-02-09 15:02:432 INFO  VacanciesPage :61 - Select Account Managementfrom Business Line field [[ChromeDriver: chrome on windows (0c2da0f97dd3e913e5ca5d220c6c3973)] -> id: LOV22]
2024-02-09 15:02:495 INFO  VacanciesPage :66 - Select Specialistfrom Hire type field [[ChromeDriver: chrome on windows (0c2da0f97dd3e913e5ca5d220c6c3973)] -> id: LOV20]
2024-02-09 15:02:560 INFO  VacanciesPage :76 - Click on Search Button[[ChromeDriver: chrome on windows (0c2da0f97dd3e913e5ca5d220c6c3973)] -> xpath: //form[@id='talentSearchForm']/div[5]/div/button]
2024-02-09 15:02:96 INFO  HomePage :37 - Accept all cookies[[ChromeDriver: chrome on windows (185884e000556b272688f7a45f2265e3)] -> xpath: //button[@id='onetrust-accept-btn-handler']]
2024-02-09 15:02:651 INFO  HomePage :32 - Click on Search vacancies[[ChromeDriver: chrome on windows (185884e000556b272688f7a45f2265e3)] -> xpath: //div[@class='sc-138w2lj-0 kpPeQG sc-1ksyyhq-0 sc-b6ui4x-17']/div[3]/a[2]/span]
2024-02-09 15:02:782 INFO  VacanciesPage :51 - EnterCredit Control Team Leaderto Keyword field [[ChromeDriver: chrome on windows (185884e000556b272688f7a45f2265e3)] -> name: keywords]
2024-02-09 15:02:917 INFO  VacanciesPage :56 - Enter Halifaxfrom Town field [[ChromeDriver: chrome on windows (185884e000556b272688f7a45f2265e3)] -> id: LOV118]
2024-02-09 15:02:994 INFO  VacanciesPage :61 - Select Financefrom Business Line field [[ChromeDriver: chrome on windows (185884e000556b272688f7a45f2265e3)] -> id: LOV22]
2024-02-09 15:02:65 INFO  VacanciesPage :66 - Select Specialistfrom Hire type field [[ChromeDriver: chrome on windows (185884e000556b272688f7a45f2265e3)] -> id: LOV20]
2024-02-09 15:02:148 INFO  VacanciesPage :76 - Click on Search Button[[ChromeDriver: chrome on windows (185884e000556b272688f7a45f2265e3)] -> xpath: //form[@id='talentSearchForm']/div[5]/div/button]
2024-02-09 15:02:649 INFO  HomePage :37 - Accept all cookies[[ChromeDriver: chrome on windows (9ce2d91e9b66cfacd3a789a648f8df9d)] -> xpath: //button[@id='onetrust-accept-btn-handler']]
2024-02-09 15:02:241 INFO  HomePage :32 - Click on Search vacancies[[ChromeDriver: chrome on windows (9ce2d91e9b66cfacd3a789a648f8df9d)] -> xpath: //div[@class='sc-138w2lj-0 kpPeQG sc-1ksyyhq-0 sc-b6ui4x-17']/div[3]/a[2]/span]
2024-02-09 15:02:409 INFO  VacanciesPage :51 - EnterReinsurance Managerto Keyword field [[ChromeDriver: chrome on windows (9ce2d91e9b66cfacd3a789a648f8df9d)] -> name: keywords]
2024-02-09 15:02:517 INFO  VacanciesPage :56 - Enter Londonfrom Town field [[ChromeDriver: chrome on windows (9ce2d91e9b66cfacd3a789a648f8df9d)] -> id: LOV118]
2024-02-09 15:02:598 INFO  VacanciesPage :61 - Select Account Managementfrom Business Line field [[ChromeDriver: chrome on windows (9ce2d91e9b66cfacd3a789a648f8df9d)] -> id: LOV22]
2024-02-09 15:02:667 INFO  VacanciesPage :66 - Select Specialistfrom Hire type field [[ChromeDriver: chrome on windows (9ce2d91e9b66cfacd3a789a648f8df9d)] -> id: LOV20]
2024-02-09 15:02:734 INFO  VacanciesPage :76 - Click on Search Button[[ChromeDriver: chrome on windows (9ce2d91e9b66cfacd3a789a648f8df9d)] -> xpath: //form[@id='talentSearchForm']/div[5]/div/button]
